[2024-10-14 07:12:55] Peer node started.
[2024-10-14 07:12:55] Registered with indexing server: {"status": "success", "message": "Peer localhost:555 registered"}
[2024-10-14 07:13:06] Connected by ('::1', 64321, 0, 0)
[2024-10-14 07:13:06] Received message from ('::1', 64321, 0, 0): {"command": "publish", "topic": "Sports", "message": "Soccer match tonight!"}

[2024-10-14 07:14:30] Peer node started.
[2024-10-14 07:14:30] Registered with indexing server: {"status": "success", "message": "Peer localhost:555 registered"}
[2024-10-14 07:14:33] Connected by ('::1', 64386, 0, 0)
[2024-10-14 07:14:34] Received message from ('::1', 64386, 0, 0): {"command": "publish", "topic": "Sports", "message": "Soccer match tonight!"}

[2024-10-14 07:16:20] Peer node started.
[2024-10-14 07:16:20] Registered with indexing server: {"status": "success", "message": "Peer localhost:555 registered"}
[2024-10-14 07:16:23] Connected by ('::1', 64448, 0, 0)
[2024-10-14 07:16:23] Received message from ('::1', 64448, 0, 0): {"command": "publish", "topic": "Sports", "message": "Soccer match tonight!"}

[2024-10-14 07:16:56] Peer node started.
[2024-10-14 07:16:56] Registered with indexing server: {"status": "success", "message": "Peer localhost:555 registered"}
[2024-10-14 07:16:58] Connected by ('::1', 64474, 0, 0)
[2024-10-14 07:16:58] Received message from ('::1', 64474, 0, 0): {"command": "publish", "topic": "Sports", "message": "Soccer match tonight!"}

[2024-10-14 07:17:32] Peer node started.
[2024-10-14 07:17:32] Registered with indexing server: {"status": "success", "message": "Peer localhost:555 registered"}
[2024-10-14 07:17:36] Connected by ('::1', 64510, 0, 0)
[2024-10-14 07:17:36] Received message from ('::1', 64510, 0, 0): {"command": "publish", "topic": "Sports", "message": "Soccer match tonight!"}

[2024-10-14 07:18:55] Peer node started.
[2024-10-14 07:18:55] Registered with indexing server: {"status": "success", "message": "Peer localhost:555 registered"}
[2024-10-14 07:18:59] Connected by ('::1', 64560, 0, 0)
[2024-10-14 07:18:59] Received message from ('::1', 64560, 0, 0): {"command": "publish", "topic": "Sports", "message": "Soccer match tonight!"}

[2024-10-14 07:29:24] Peer node started.
[2024-10-14 07:29:24] Registered with indexing server: {"status": "success", "message": "Peer localhost:555 registered"}
[2024-10-14 07:30:27] Connected by ('::1', 64946, 0, 0)
[2024-10-14 07:30:27] Received message from ('::1', 64946, 0, 0): {"command": "create_topic", "topic": "Sports"}

[2024-10-14 07:30:27] Indexing server update: {"status": "error", "message": "Topic already exists"}
[2024-10-14 07:30:27] Created topic 'Sports'
[2024-10-14 07:31:39] Peer node started.
[2024-10-14 07:31:39] Registered with indexing server: {"status": "success", "message": "Peer localhost:555 registered"}
[2024-10-14 07:31:48] Connected by ('::1', 64999, 0, 0)
[2024-10-14 07:31:48] Received message from ('::1', 64999, 0, 0): {"command": "create_topic", "topic": "Sports"}

[2024-10-14 07:31:48] Indexing server update: {"status": "error", "message": "Topic already exists"}
[2024-10-14 07:31:48] Created topic 'Sports'
[2024-10-14 07:33:06] Peer node started.
[2024-10-14 07:33:06] Registered with indexing server: {"status": "success", "message": "Peer localhost:555 registered"}
[2024-10-14 07:33:17] Connected by ('::1', 65061, 0, 0)
[2024-10-14 07:33:17] Received message from ('::1', 65061, 0, 0): {"command": "create_topic", "topic": "Sports"}

[2024-10-14 07:33:17] Indexing server update: {"status": "success", "message": "Topic 'Sports' added"}
[2024-10-14 07:33:17] Created topic 'Sports'
[2024-10-14 07:33:21] Connected by ('::1', 65067, 0, 0)
[2024-10-14 07:33:21] Received message from ('::1', 65067, 0, 0): {"command": "subscribe", "topic": "Sports"}
[2024-10-14 07:33:21] Subscribed to topic 'Sports'
[2024-10-14 07:34:01] Connected by ('::1', 65092, 0, 0)
[2024-10-14 07:34:01] Received message from ('::1', 65092, 0, 0): {"command": "publish", "topic": "Sports", "message": "Soccer match tonight!"}
[2024-10-14 07:34:01] Published message on topic 'Sports': Soccer match tonight!
[2024-10-14 07:34:01] Connected by ('::1', 65093, 0, 0)
[2024-10-14 07:34:01] Received message from ('::1', 65093, 0, 0): {"command": "receive_message", "topic": "Sports", "message": "Soccer match tonight!"}
[2024-10-14 07:34:01] Pulled messages from topic 'Sports': ['Soccer match tonight!']
[2024-10-14 07:57:42] Peer node started.
[2024-10-14 07:57:42] Registered with indexing server: {"status": "success", "message": "Peer localhost:555 registered"}
[2024-10-14 07:57:59] Peer node started.
[2024-10-14 07:57:59] Registered with indexing server: {"status": "success", "message": "Peer localhost:555 registered"}
[2024-10-14 07:58:18] Connected by ('::1', 1336, 0, 0)
[2024-10-14 07:58:18] Received message from ('::1', 1336, 0, 0): {"command": "create_topic", "topic": "Sports"}

[2024-10-14 07:58:18] Indexing server update: {"status": "success", "message": "Topic 'Sports' added"}
[2024-10-14 07:58:18] Created topic 'Sports'
[2024-10-14 07:58:23] Connected by ('::1', 1342, 0, 0)
[2024-10-14 07:58:23] Received message from ('::1', 1342, 0, 0): {"command": "subscribe_to_peer", "topic": "Sports", "subscriber_port": 557}
[2024-10-14 07:59:48] Peer node started.
[2024-10-14 07:59:48] Registered with indexing server: {"status": "success", "message": "Peer localhost:555 registered"}
[2024-10-14 08:00:05] Connected by ('::1', 1411, 0, 0)
[2024-10-14 08:00:05] Received message from ('::1', 1411, 0, 0): {"command": "create_topic", "topic": "Sports"}

[2024-10-14 08:00:05] Indexing server update: {"status": "success", "message": "Topic 'Sports' added"}
[2024-10-14 08:00:05] Created topic 'Sports'
[2024-10-14 08:00:09] Connected by ('::1', 1417, 0, 0)
[2024-10-14 08:00:09] Received message from ('::1', 1417, 0, 0): {"command": "subscribe_to_peer", "topic": "Sports", "subscriber_port": 557}
[2024-10-14 08:00:09] Peer 557 subscribed to topic 'Sports'
[2024-10-14 08:00:20] Connected by ('::1', 1425, 0, 0)
[2024-10-14 08:00:20] Received message from ('::1', 1425, 0, 0): {"command": "publish", "topic": "Sports", "message": "Soccer match tonight!"}
[2024-10-14 08:00:20] Published message on topic 'Sports': Soccer match tonight!
[2024-10-14 08:00:39] Connected by ('::1', 1438, 0, 0)
[2024-10-14 08:00:39] Received message from ('::1', 1438, 0, 0): {"command": "publish", "topic": "Sports", "message": "Cricket match tonight!"}
[2024-10-14 08:00:39] Published message on topic 'Sports': Cricket match tonight!
[2024-10-14 08:01:12] Connected by ('::1', 1467, 0, 0)
[2024-10-14 08:01:12] Received message from ('::1', 1467, 0, 0): {"command": "subscribe_to_peer", "topic": "Sports", "subscriber_port": 558}
[2024-10-14 08:01:12] Peer 558 subscribed to topic 'Sports'
[2024-10-14 08:01:15] Connected by ('::1', 1472, 0, 0)
[2024-10-14 08:01:15] Received message from ('::1', 1472, 0, 0): {"command": "subscribe_to_peer", "topic": "Sports", "subscriber_port": 559}
[2024-10-14 08:01:15] Peer 559 subscribed to topic 'Sports'
[2024-10-14 08:01:34] Connected by ('::1', 1483, 0, 0)
[2024-10-14 08:01:34] Received message from ('::1', 1483, 0, 0): {"command": "publish", "topic": "Sports", "message": "Jay Hind Jay Bharat"}
[2024-10-14 08:01:34] Published message on topic 'Sports': Jay Hind Jay Bharat
[2024-10-14 08:03:41] Connected by ('::1', 1555, 0, 0)
[2024-10-14 08:03:41] Received message from ('::1', 1555, 0, 0): {"command": "subscribe", "topic": "Games"}

[2024-10-14 08:03:41] Subscribed to topic 'Games' on localhost:556
[2024-10-14 08:03:59] Connected by ('::1', 1569, 0, 0)
[2024-10-14 08:03:59] Received message from ('::1', 1569, 0, 0): {"command": "receive_message", "topic": "Games", "message": "Kabaddi"}
