[2024-10-14 08:55:14] Peer node started.
[2024-10-14 08:55:14] Registered with indexing server: {"status": "success", "message": "Peer localhost:5558 registered"}
[2024-10-14 09:13:37] Connected by ('::1', 3509, 0, 0)
[2024-10-14 09:13:37] Received message from ('::1', 3509, 0, 0): {"command": "subscribe", "topic": "Sports"}
[2024-10-14 09:13:37] Subscribed to topic 'Sports' on localhost:5555
[2024-10-14 09:13:37] Connected by ('::1', 3515, 0, 0)
[2024-10-14 09:13:37] Received message from ('::1', 3515, 0, 0): {"command": "receive_message", "topic": "Sports", "message": "Football match tonight!"}
[2024-10-14 09:13:56] Connected by ('::1', 3540, 0, 0)
[2024-10-14 09:13:56] Received message from ('::1', 3540, 0, 0): {"command": "subscribe", "topic": "Sports"}
[2024-10-14 09:13:56] Subscribed to topic 'Sports' on localhost:5555
[2024-10-14 09:13:56] Connected by ('::1', 3546, 0, 0)
[2024-10-14 09:13:56] Received message from ('::1', 3546, 0, 0): {"command": "receive_message", "topic": "Sports", "message": "Cricket match tonight!"}
[2024-10-14 09:25:42] Peer node started.
[2024-10-14 09:25:42] Registered with indexing server: {"status": "success", "message": "Peer localhost:5558 registered"}
[2024-10-14 09:26:07] Connected by ('::1', 3916, 0, 0)
[2024-10-14 09:26:07] Received message from ('::1', 3916, 0, 0): {"command": "subscribe", "topic": "Sports"}
[2024-10-14 09:26:07] Subscribed to topic 'Sports' on localhost:5555
[2024-10-14 09:26:07] Connected by ('::1', 3922, 0, 0)
[2024-10-14 09:26:07] Received message from ('::1', 3922, 0, 0): {"command": "receive_message", "topic": "Sports", "message": "Cricket match tonight!"}
[2024-10-14 09:26:29] Connected by ('::1', 3943, 0, 0)
[2024-10-14 09:26:29] Received message from ('::1', 3943, 0, 0): {"command": "subscribe", "topic": "Sports"}
[2024-10-14 09:26:29] Subscribed to topic 'Sports' on localhost:5555
[2024-10-14 09:26:29] Connected by ('::1', 3950, 0, 0)
[2024-10-14 09:26:29] Received message from ('::1', 3950, 0, 0): {"command": "receive_message", "topic": "Sports", "message": "Football match tonight!"}
[2024-10-14 09:34:48] Peer node started.
[2024-10-14 09:34:48] Registered with indexing server: {"status": "success", "message": "Peer localhost:5558 registered"}
[2024-10-14 09:34:51] Connected by ('::1', 4207, 0, 0)
[2024-10-14 09:34:51] Received message from ('::1', 4207, 0, 0): {"command": "subscribe", "topic": "Sports"}
[2024-10-14 09:34:51] Subscribed to topic 'Sports' on localhost:5555
[2024-10-14 09:34:51] Connected by ('::1', 4213, 0, 0)
[2024-10-14 09:34:51] Received message from ('::1', 4213, 0, 0): {"command": "receive_message", "topic": "Sports", "message": "Football match tonight!"}
[2024-10-14 09:34:51] Received message on topic 'Sports': Football match tonight!
[2024-10-14 09:48:27] Peer node started.
[2024-10-14 09:48:27] Registered with indexing server: {"status": "success", "message": "Peer localhost:5558 registered"}
[2024-10-14 09:48:37] Connected by ('::1', 4621, 0, 0)
[2024-10-14 09:48:37] Received message from ('::1', 4621, 0, 0): {"command": "subscribe", "topic": "Sports"}
[2024-10-14 09:48:37] Subscribed to topic 'Sports' on localhost:5555
[2024-10-14 09:48:37] Connected by ('::1', 4627, 0, 0)
[2024-10-14 09:48:37] Received message from ('::1', 4627, 0, 0): {"command": "receive_message", "topic": "Sports", "message": "Football match tonight!"}
[2024-10-14 09:48:37] Received message on topic 'Sports': Football match tonight!
[2024-10-14 09:48:57] Connected by ('::1', 4650, 0, 0)
[2024-10-14 09:48:57] Received message from ('::1', 4650, 0, 0): {"command": "subscribe", "topic": "Sports"}
[2024-10-14 09:48:57] Subscribed to topic 'Sports' on localhost:5555
[2024-10-14 09:48:57] Connected by ('::1', 4656, 0, 0)
[2024-10-14 09:48:57] Received message from ('::1', 4656, 0, 0): {"command": "receive_message", "topic": "Sports", "message": "Football match tonight!"}
[2024-10-14 09:48:57] Received message on topic 'Sports': Football match tonight!
[2024-10-14 09:58:53] Peer node started.
[2024-10-14 09:58:53] Registered with indexing server: {"status": "success", "message": "Peer localhost:5558 registered"}
[2024-10-14 09:58:56] Connected by ('::1', 7842, 0, 0)
[2024-10-14 09:58:56] Received message from ('::1', 7842, 0, 0): {"command": "subscribe", "topic": "Sports"}
[2024-10-14 09:58:56] Subscribed to topic 'Sports' on localhost:5555
[2024-10-14 09:58:56] Connected by ('::1', 7848, 0, 0)
[2024-10-14 09:58:56] Received message from ('::1', 7848, 0, 0): {"command": "receive_message", "topic": "Sports", "message": "Football match tonight!"}
[2024-10-14 09:58:56] Received message on topic 'Sports': Football match tonight!
