[2024-10-14 08:49:24] Peer node started.
[2024-10-14 08:49:24] Registered with indexing server: {"status": "success", "message": "Peer localhost:5557 registered"}
[2024-10-14 08:50:27] Connected by ('::1', 2499, 0, 0)
[2024-10-14 08:50:27] Received message from ('::1', 2499, 0, 0): {"command": "subscribe", "topic": "Sports"}
[2024-10-14 08:50:27] Subscribed to topic 'Sports' on localhost:5555
[2024-10-14 08:50:27] Connected by ('::1', 2504, 0, 0)
[2024-10-14 08:50:27] Received message from ('::1', 2504, 0, 0): {"command": "receive_message", "topic": "Sports", "message": "Football match tonight!"}
[2024-10-14 08:51:55] Connected by ('::1', 2578, 0, 0)
[2024-10-14 08:51:55] Received message from ('::1', 2578, 0, 0): {"command": "subscribe", "topic": "Sports"}
[2024-10-14 08:51:55] Subscribed to topic 'Sports' on localhost:5555
[2024-10-14 08:51:56] Connected by ('::1', 2583, 0, 0)
[2024-10-14 08:51:56] Received message from ('::1', 2583, 0, 0): {"command": "receive_message", "topic": "Sports", "message": "Football match tonight!"}
[2024-10-14 08:51:56] Connected by ('::1', 2585, 0, 0)
[2024-10-14 08:51:56] Received message from ('::1', 2585, 0, 0): {"command": "pull", "topic": "Sports"}
[2024-10-14 08:52:55] Connected by ('::1', 2618, 0, 0)
[2024-10-14 08:52:55] Received message from ('::1', 2618, 0, 0): {"command": "subscribe", "topic": "Sports"}
[2024-10-14 08:52:55] Connected by ('::1', 2622, 0, 0)
[2024-10-14 08:52:55] Received message from ('::1', 2622, 0, 0): {"command": "receive_message", "topic": "Sports", "message": "Football match tonight!"}
[2024-10-14 08:52:55] Connected by ('::1', 2624, 0, 0)
[2024-10-14 08:52:55] Received message from ('::1', 2624, 0, 0): {"command": "pull", "topic": "Sports"}
[2024-10-14 08:54:08] Peer node started.
[2024-10-14 08:54:08] Registered with indexing server: {"status": "success", "message": "Peer localhost:5557 registered"}
[2024-10-14 08:54:11] Connected by ('::1', 2682, 0, 0)
[2024-10-14 08:54:11] Received message from ('::1', 2682, 0, 0): {"command": "subscribe", "topic": "Sports"}
[2024-10-14 08:54:11] Subscribed to topic 'Sports' on localhost:5555
[2024-10-14 08:54:11] Connected by ('::1', 2687, 0, 0)
[2024-10-14 08:54:11] Received message from ('::1', 2687, 0, 0): {"command": "receive_message", "topic": "Sports", "message": "Football match tonight!"}
[2024-10-14 08:54:11] Connected by ('::1', 2689, 0, 0)
[2024-10-14 08:54:11] Received message from ('::1', 2689, 0, 0): {"command": "pull", "topic": "Sports"}
[2024-10-14 08:54:39] Connected by ('::1', 2711, 0, 0)
[2024-10-14 08:54:39] Received message from ('::1', 2711, 0, 0): {"command": "subscribe", "topic": "Sports"}
[2024-10-14 08:54:39] Subscribed to topic 'Sports' on localhost:5555
[2024-10-14 08:54:39] Connected by ('::1', 2716, 0, 0)
[2024-10-14 08:54:39] Received message from ('::1', 2716, 0, 0): {"command": "receive_message", "topic": "Sports", "message": "Football match tonight!"}
[2024-10-14 08:54:45] Connected by ('::1', 2727, 0, 0)
[2024-10-14 08:54:45] Received message from ('::1', 2727, 0, 0): {"command": "subscribe", "topic": "Sports"}
[2024-10-14 08:54:45] Subscribed to topic 'Sports' on localhost:5555
[2024-10-14 08:54:45] Connected by ('::1', 2732, 0, 0)
[2024-10-14 08:54:45] Received message from ('::1', 2732, 0, 0): {"command": "receive_message", "topic": "Sports", "message": "Football match tonight!"}
[2024-10-14 09:07:39] Connected by ('::1', 3231, 0, 0)
[2024-10-14 09:07:39] Received message from ('::1', 3231, 0, 0): {"command": "subscribe", "topic": "Sports"}
[2024-10-14 09:07:39] Subscribed to topic 'Sports' on localhost:5555
[2024-10-14 09:07:39] Connected by ('::1', 3236, 0, 0)
[2024-10-14 09:07:39] Received message from ('::1', 3236, 0, 0): {"command": "receive_message", "topic": "Sports", "message": "Football match tonight!"}
[2024-10-14 09:13:37] Connected by ('::1', 3506, 0, 0)
[2024-10-14 09:13:37] Received message from ('::1', 3506, 0, 0): {"command": "subscribe", "topic": "Sports"}
[2024-10-14 09:13:37] Subscribed to topic 'Sports' on localhost:5555
[2024-10-14 09:13:37] Connected by ('::1', 3514, 0, 0)
[2024-10-14 09:13:37] Received message from ('::1', 3514, 0, 0): {"command": "receive_message", "topic": "Sports", "message": "Football match tonight!"}
[2024-10-14 09:13:56] Connected by ('::1', 3537, 0, 0)
[2024-10-14 09:13:56] Received message from ('::1', 3537, 0, 0): {"command": "subscribe", "topic": "Sports"}
[2024-10-14 09:13:56] Subscribed to topic 'Sports' on localhost:5555
[2024-10-14 09:13:56] Connected by ('::1', 3545, 0, 0)
[2024-10-14 09:13:56] Received message from ('::1', 3545, 0, 0): {"command": "receive_message", "topic": "Sports", "message": "Cricket match tonight!"}
[2024-10-14 09:25:37] Peer node started.
[2024-10-14 09:25:37] Registered with indexing server: {"status": "success", "message": "Peer localhost:5557 registered"}
[2024-10-14 09:26:07] Connected by ('::1', 3913, 0, 0)
[2024-10-14 09:26:07] Received message from ('::1', 3913, 0, 0): {"command": "subscribe", "topic": "Sports"}
[2024-10-14 09:26:07] Subscribed to topic 'Sports' on localhost:5555
[2024-10-14 09:26:07] Connected by ('::1', 3921, 0, 0)
[2024-10-14 09:26:07] Received message from ('::1', 3921, 0, 0): {"command": "receive_message", "topic": "Sports", "message": "Cricket match tonight!"}
[2024-10-14 09:26:29] Connected by ('::1', 3940, 0, 0)
[2024-10-14 09:26:29] Received message from ('::1', 3940, 0, 0): {"command": "subscribe", "topic": "Sports"}
[2024-10-14 09:26:29] Subscribed to topic 'Sports' on localhost:5555
[2024-10-14 09:26:29] Connected by ('::1', 3949, 0, 0)
[2024-10-14 09:26:29] Received message from ('::1', 3949, 0, 0): {"command": "receive_message", "topic": "Sports", "message": "Football match tonight!"}
[2024-10-14 09:34:43] Peer node started.
[2024-10-14 09:34:43] Registered with indexing server: {"status": "success", "message": "Peer localhost:5557 registered"}
[2024-10-14 09:34:51] Connected by ('::1', 4204, 0, 0)
[2024-10-14 09:34:51] Received message from ('::1', 4204, 0, 0): {"command": "subscribe", "topic": "Sports"}
[2024-10-14 09:34:51] Subscribed to topic 'Sports' on localhost:5555
[2024-10-14 09:34:51] Connected by ('::1', 4212, 0, 0)
[2024-10-14 09:34:51] Received message from ('::1', 4212, 0, 0): {"command": "receive_message", "topic": "Sports", "message": "Football match tonight!"}
[2024-10-14 09:34:51] Received message on topic 'Sports': Football match tonight!
[2024-10-14 09:48:23] Peer node started.
[2024-10-14 09:48:23] Registered with indexing server: {"status": "success", "message": "Peer localhost:5557 registered"}
[2024-10-14 09:48:37] Connected by ('::1', 4618, 0, 0)
[2024-10-14 09:48:37] Received message from ('::1', 4618, 0, 0): {"command": "subscribe", "topic": "Sports"}
[2024-10-14 09:48:37] Subscribed to topic 'Sports' on localhost:5555
[2024-10-14 09:48:37] Connected by ('::1', 4626, 0, 0)
[2024-10-14 09:48:37] Received message from ('::1', 4626, 0, 0): {"command": "receive_message", "topic": "Sports", "message": "Football match tonight!"}
[2024-10-14 09:48:37] Received message on topic 'Sports': Football match tonight!
[2024-10-14 09:48:57] Connected by ('::1', 4647, 0, 0)
[2024-10-14 09:48:57] Received message from ('::1', 4647, 0, 0): {"command": "subscribe", "topic": "Sports"}
[2024-10-14 09:48:57] Subscribed to topic 'Sports' on localhost:5555
[2024-10-14 09:48:57] Connected by ('::1', 4655, 0, 0)
[2024-10-14 09:48:57] Received message from ('::1', 4655, 0, 0): {"command": "receive_message", "topic": "Sports", "message": "Football match tonight!"}
[2024-10-14 09:48:57] Received message on topic 'Sports': Football match tonight!
[2024-10-14 09:58:24] Peer node started.
[2024-10-14 09:58:24] Registered with indexing server: {"status": "success", "message": "Peer localhost:5557 registered"}
[2024-10-14 09:58:56] Connected by ('::1', 7839, 0, 0)
[2024-10-14 09:58:56] Received message from ('::1', 7839, 0, 0): {"command": "subscribe", "topic": "Sports"}
[2024-10-14 09:58:56] Subscribed to topic 'Sports' on localhost:5555
[2024-10-14 09:58:56] Connected by ('::1', 7847, 0, 0)
[2024-10-14 09:58:56] Received message from ('::1', 7847, 0, 0): {"command": "receive_message", "topic": "Sports", "message": "Football match tonight!"}
[2024-10-14 09:58:56] Received message on topic 'Sports': Football match tonight!
